2025-12-03 22:07:49 [main] INFO  BaseClass - config.properties file loaded
2025-12-03 22:07:53 [main] INFO  BaseClass - chromedriver initialized 
2025-12-03 22:07:56 [main] INFO  BaseClass - Webdriver initialized and browser Maximized
2025-12-03 22:07:56 [main] TRACE BaseClass - this is a trace message
2025-12-03 22:07:56 [main] DEBUG BaseClass - this is a debug message
2025-12-03 22:07:56 [main] WARN  BaseClass - this is a warn message
2025-12-03 22:07:56 [main] INFO  ActionDriver - ActionDriver isntance is created
2025-12-03 22:07:56 [main] INFO  BaseClass - ActionDriver instance is created
2025-12-03 22:07:56 [main] INFO  BaseClass - Webdriver instance is closed.
2025-12-03 22:07:58 [main] INFO  BaseClass - chromedriver initialized 
2025-12-03 22:08:02 [main] INFO  BaseClass - Webdriver initialized and browser Maximized
2025-12-03 22:08:02 [main] TRACE BaseClass - this is a trace message
2025-12-03 22:08:02 [main] DEBUG BaseClass - this is a debug message
2025-12-03 22:08:02 [main] WARN  BaseClass - this is a warn message
2025-12-03 22:08:02 [main] INFO  ActionDriver - ActionDriver isntance is created
2025-12-03 22:08:02 [main] INFO  BaseClass - ActionDriver instance is created
2025-12-03 22:08:02 [main] INFO  ActionDriver - Entered text: adminn
2025-12-03 22:08:02 [main] INFO  ActionDriver - Entered text: ad1234
2025-12-03 22:08:02 [main] INFO  ActionDriver - clicked an element
2025-12-03 22:08:03 [main] INFO  ActionDriver - Text are matchingInvalid credentials equalInvalid credentials
2025-12-03 22:08:03 [main] INFO  BaseClass - Webdriver instance is closed.
2025-12-03 22:08:04 [main] INFO  BaseClass - chromedriver initialized 
2025-12-03 22:08:08 [main] INFO  BaseClass - Webdriver initialized and browser Maximized
2025-12-03 22:08:08 [main] TRACE BaseClass - this is a trace message
2025-12-03 22:08:08 [main] DEBUG BaseClass - this is a debug message
2025-12-03 22:08:08 [main] WARN  BaseClass - this is a warn message
2025-12-03 22:08:08 [main] INFO  ActionDriver - ActionDriver isntance is created
2025-12-03 22:08:08 [main] INFO  BaseClass - ActionDriver instance is created
2025-12-03 22:08:08 [main] INFO  ActionDriver - Entered text: admin
2025-12-03 22:08:08 [main] INFO  ActionDriver - Entered text: admin123
2025-12-03 22:08:08 [main] INFO  ActionDriver - clicked an element
2025-12-03 22:08:09 [main] INFO  ActionDriver - Element is visible
2025-12-03 22:08:09 [main] INFO  ActionDriver - clicked an element
2025-12-03 22:08:10 [main] INFO  ActionDriver - clicked an element
2025-12-03 22:08:12 [main] INFO  BaseClass - Webdriver instance is closed.
2026-01-12 21:32:44 [main] INFO  BaseClass - config.properties file loaded
2026-01-12 21:32:49 [main] INFO  BaseClass - chromedriver initialized 
2026-01-12 21:32:54 [main] INFO  BaseClass - Webdriver initialized and browser Maximized
2026-01-12 21:32:54 [main] TRACE BaseClass - this is a trace message
2026-01-12 21:32:54 [main] DEBUG BaseClass - this is a debug message
2026-01-12 21:32:54 [main] WARN  BaseClass - this is a warn message
2026-01-12 21:32:54 [main] INFO  ActionDriver - ActionDriver isntance is created
2026-01-12 21:32:54 [main] INFO  BaseClass - ActionDriver instance is created
2026-01-12 21:32:54 [main] INFO  ActionDriver - Entered text on : Tag: input, Name: username
2026-01-12 21:32:54 [main] INFO  ActionDriver - Entered text on : Tag: input, Name: password
2026-01-12 21:32:55 [main] INFO  ActionDriver - clicked an element-->Tag: button, Text: Login
2026-01-12 21:32:57 [main] INFO  ActionDriver - Element is visible
2026-01-12 21:32:57 [main] INFO  ActionDriver - clicked an element-->Tag: p, Text: manda user
2026-01-12 21:32:59 [main] INFO  ActionDriver - clicked an element-->Tag: a, Classes: oxd-userdropdown-link
2026-01-12 21:33:01 [main] INFO  BaseClass - Webdriver instance is closed.
2026-01-12 21:48:27 [main] INFO  BaseClass - config.properties file loaded
2026-01-12 21:48:28 [main] INFO  BaseClass - chromedriver initialized 
2026-01-12 21:48:34 [main] INFO  BaseClass - Webdriver initialized and browser Maximized
2026-01-12 21:48:34 [main] TRACE BaseClass - this is a trace message
2026-01-12 21:48:34 [main] DEBUG BaseClass - this is a debug message
2026-01-12 21:48:34 [main] WARN  BaseClass - this is a warn message
2026-01-12 21:48:34 [main] INFO  ActionDriver - ActionDriver isntance is created
2026-01-12 21:48:34 [main] INFO  BaseClass - ActionDriver instance is created
2026-01-12 21:48:35 [main] INFO  ActionDriver - Entered text on : adminTag: input, Name: username
2026-01-12 21:48:35 [main] INFO  ActionDriver - Entered text on : admin123Tag: input, Name: password
2026-01-12 21:49:17 [main] INFO  ActionDriver - clicked an element-->Tag: button, Text: LoginLogin
2026-01-12 21:49:17 [main] INFO  ActionDriver - Element is visible
2026-01-12 21:49:17 [main] INFO  ActionDriver - clicked an element-->Tag: p, Text: SIDHARTH SSIDHARTH SSIDHARTH S
2026-01-12 21:50:29 [main] INFO  BaseClass - config.properties file loaded
2026-01-12 21:50:30 [main] INFO  BaseClass - chromedriver initialized 
2026-01-12 21:50:35 [main] INFO  BaseClass - Webdriver initialized and browser Maximized
2026-01-12 21:50:35 [main] TRACE BaseClass - this is a trace message
2026-01-12 21:50:35 [main] DEBUG BaseClass - this is a debug message
2026-01-12 21:50:35 [main] WARN  BaseClass - this is a warn message
2026-01-12 21:50:35 [main] INFO  ActionDriver - ActionDriver isntance is created
2026-01-12 21:50:35 [main] INFO  BaseClass - ActionDriver instance is created
2026-01-12 21:50:35 [main] INFO  ActionDriver - Entered text on : adminTag: input, Name: username
2026-01-12 21:50:36 [main] INFO  ActionDriver - Entered text on : admin123Tag: input, Name: password
2026-01-12 21:51:18 [main] INFO  ActionDriver - clicked an element-->Tag: button, Text: Login
2026-01-12 21:51:18 [main] INFO  ActionDriver - Element is visible
2026-01-12 21:51:18 [main] INFO  ActionDriver - clicked an element-->Tag: p, Text: SIDHARTH SSIDHARTH S
2026-01-12 21:52:01 [main] INFO  ActionDriver - clicked an element-->Tag: a, Text: Logout
2026-01-12 21:52:03 [main] INFO  BaseClass - Webdriver instance is closed.
